[09-Feb-2026 05:40:00 Europe/Berlin] Fetching data from database...
[09-Feb-2026 05:40:00 Europe/Berlin] Ship schedules fetched: [{"id":"8","company":"MERATUS","shipName":"ghjj","code":"srer","length":"100","draft":"5.6","destPort":"sub","nKd":"560","minKd":"450","mean":null,"loadValue":"400","dischargeValue":"500","etaTime":"0000-00-00 00:00:00","startTime":"2026-02-07 12:51:00","etcTime":"2026-02-08 13:52:00","endTime":"2026-02-09 15:54:00","status":"VESSEL ALONGSIDE","berthSide":"P","bsh":"40","qccName":"0","created_at":"2026-02-06 10:49:53","shipping_company_id":"3"}]
[09-Feb-2026 05:40:00 Europe/Berlin] Maintenance schedules fetched: [{"id":"10","type":"maintenance","startKd":"350","endKd":"400","startTime":"0000-00-00 00:00:00","endTime":"2026-02-09 22:52:00","keterangan":"perbaikan feeder"},{"id":"11","type":"maintenance","startKd":"350","endKd":"400","startTime":"0000-00-00 00:00:00","endTime":"2026-02-09 09:03:00","keterangan":"rtyui"},{"id":"7","type":"maintenance","startKd":"350","endKd":"400","startTime":"2026-02-06 08:47:00","endTime":"2026-02-07 09:48:00","keterangan":"yy"},{"id":"8","type":"maintenance","startKd":"450","endKd":"500","startTime":"2026-02-06 11:38:00","endTime":"2026-02-07 14:41:00","keterangan":"thg"}]
[09-Feb-2026 05:40:00 Europe/Berlin] Rest schedules fetched: [{"id":"4","startTime":"2026-02-06 11:17:00","endTime":"2026-02-06 12:19:00","keterangan":"sg"}]
[09-Feb-2026 05:40:51 Europe/Berlin] Fetching data from database...
[09-Feb-2026 05:40:51 Europe/Berlin] Ship schedules fetched: [{"id":"8","company":"MERATUS","shipName":"ghjj","code":"srer","length":"100","draft":"5.6","destPort":"sub","nKd":"560","minKd":"450","mean":null,"loadValue":"400","dischargeValue":"500","etaTime":"0000-00-00 00:00:00","startTime":"2026-02-07 12:51:00","etcTime":"2026-02-08 13:52:00","endTime":"2026-02-09 15:54:00","status":"VESSEL ALONGSIDE","berthSide":"P","bsh":"40","qccName":"0","created_at":"2026-02-06 10:49:53","shipping_company_id":"3"}]
[09-Feb-2026 05:40:51 Europe/Berlin] Maintenance schedules fetched: [{"id":"10","type":"maintenance","startKd":"350","endKd":"400","startTime":"0000-00-00 00:00:00","endTime":"2026-02-09 22:52:00","keterangan":"perbaikan feeder"},{"id":"11","type":"maintenance","startKd":"350","endKd":"400","startTime":"0000-00-00 00:00:00","endTime":"2026-02-09 09:03:00","keterangan":"rtyui"},{"id":"7","type":"maintenance","startKd":"350","endKd":"400","startTime":"2026-02-06 08:47:00","endTime":"2026-02-07 09:48:00","keterangan":"yy"},{"id":"8","type":"maintenance","startKd":"450","endKd":"500","startTime":"2026-02-06 11:38:00","endTime":"2026-02-07 14:41:00","keterangan":"thg"}]
[09-Feb-2026 05:40:51 Europe/Berlin] Rest schedules fetched: [{"id":"4","startTime":"2026-02-06 11:17:00","endTime":"2026-02-06 12:19:00","keterangan":"sg"}]
[09-Feb-2026 05:41:06 Europe/Berlin] Fetching data from database...
[09-Feb-2026 05:41:06 Europe/Berlin] Ship schedules fetched: [{"id":"8","company":"MERATUS","shipName":"ghjj","code":"srer","length":"100","draft":"5.6","destPort":"sub","nKd":"560","minKd":"450","mean":null,"loadValue":"400","dischargeValue":"500","etaTime":"0000-00-00 00:00:00","startTime":"2026-02-07 12:51:00","etcTime":"2026-02-08 13:52:00","endTime":"2026-02-09 15:54:00","status":"VESSEL ALONGSIDE","berthSide":"P","bsh":"40","qccName":"0","created_at":"2026-02-06 10:49:53","shipping_company_id":"3"}]
[09-Feb-2026 05:41:06 Europe/Berlin] Maintenance schedules fetched: [{"id":"10","type":"maintenance","startKd":"350","endKd":"400","startTime":"0000-00-00 00:00:00","endTime":"2026-02-09 22:52:00","keterangan":"perbaikan feeder"},{"id":"11","type":"maintenance","startKd":"350","endKd":"400","startTime":"0000-00-00 00:00:00","endTime":"2026-02-09 09:03:00","keterangan":"rtyui"},{"id":"7","type":"maintenance","startKd":"350","endKd":"400","startTime":"2026-02-06 08:47:00","endTime":"2026-02-07 09:48:00","keterangan":"yy"},{"id":"8","type":"maintenance","startKd":"450","endKd":"500","startTime":"2026-02-06 11:38:00","endTime":"2026-02-07 14:41:00","keterangan":"thg"}]
[09-Feb-2026 05:41:06 Europe/Berlin] Rest schedules fetched: [{"id":"4","startTime":"2026-02-06 11:17:00","endTime":"2026-02-06 12:19:00","keterangan":"sg"}]
[09-Feb-2026 05:42:11 Europe/Berlin] Payload mentah: {"company":"TANTO","shipName":"mbtg","code":"MKT/221/25/ON","length":100,"draft":5.6,"destPort":"sub","berthLocation":450,"nKd":500,"minKd":450,"bsh":40,"etaTime":"2026-02-09T11:41","startTime":"2026-02-09T12:41","etcTime":"2026-02-09T22:41","endTime":"2026-02-09T23:41","dischargeValue":500,"loadValue":500,"status":"VESSEL ALONGSIDE","berthSide":"P","qcc-options":"QCC03","qccName":"QCC02 & QCC03"}
[09-Feb-2026 05:42:11 Europe/Berlin] Shipping company ditemukan: ID = 4
[09-Feb-2026 05:42:11 Europe/Berlin] Available QCC names: ["QCC01","QCC02","QCC03","QCC04"]
[09-Feb-2026 05:42:11 Europe/Berlin] Type casting done. length=100(int), draft=5.6(float)
[09-Feb-2026 05:42:11 Europe/Berlin] PHP Fatal error:  Uncaught mysqli_sql_exception: Unknown column 'berthLocation' in 'field list' in C:\Users\HP\Documents\ba_map_app\save_ship.php:122
Stack trace:
#0 C:\Users\HP\Documents\ba_map_app\save_ship.php(122): mysqli->prepare('INSERT INTO shi...')
#1 {main}
  thrown in C:\Users\HP\Documents\ba_map_app\save_ship.php on line 122
[09-Feb-2026 05:46:40 Europe/Berlin] Fetching data from database...
[09-Feb-2026 05:46:40 Europe/Berlin] Ship schedules fetched: [{"id":"8","company":"MERATUS","shipName":"ghjj","code":"srer","length":"100","draft":"5.6","destPort":"sub","startKd":null,"nKd":"560","minKd":"450","mean":null,"loadValue":"400","dischargeValue":"500","etaTime":"0000-00-00 00:00:00","startTime":"2026-02-07 12:51:00","etcTime":"2026-02-08 13:52:00","endTime":"2026-02-09 15:54:00","status":"VESSEL ALONGSIDE","berthSide":"P","bsh":"40","qccName":"0","created_at":"2026-02-06 10:49:53","shipping_company_id":"3"}]
[09-Feb-2026 05:46:40 Europe/Berlin] Maintenance schedules fetched: [{"id":"10","type":"maintenance","startKd":"350","endKd":"400","startTime":"0000-00-00 00:00:00","endTime":"2026-02-09 22:52:00","keterangan":"perbaikan feeder"},{"id":"11","type":"maintenance","startKd":"350","endKd":"400","startTime":"0000-00-00 00:00:00","endTime":"2026-02-09 09:03:00","keterangan":"rtyui"},{"id":"7","type":"maintenance","startKd":"350","endKd":"400","startTime":"2026-02-06 08:47:00","endTime":"2026-02-07 09:48:00","keterangan":"yy"},{"id":"8","type":"maintenance","startKd":"450","endKd":"500","startTime":"2026-02-06 11:38:00","endTime":"2026-02-07 14:41:00","keterangan":"thg"}]
[09-Feb-2026 05:46:40 Europe/Berlin] Rest schedules fetched: [{"id":"4","startTime":"2026-02-06 11:17:00","endTime":"2026-02-06 12:19:00","keterangan":"sg"}]
[09-Feb-2026 05:53:43 Europe/Berlin] Fetching data from database...
[09-Feb-2026 05:53:43 Europe/Berlin] Ship schedules fetched: [{"id":"8","company":"MERATUS","shipName":"ghjj","code":"srer","length":"100","draft":"5.6","destPort":"sub","startKd":null,"nKd":"560","minKd":"450","mean":null,"loadValue":"400","dischargeValue":"500","etaTime":"0000-00-00 00:00:00","startTime":"2026-02-07 12:51:00","etcTime":"2026-02-08 13:52:00","endTime":"2026-02-09 15:54:00","status":"VESSEL ALONGSIDE","berthSide":"P","bsh":"40","qccName":"0","created_at":"2026-02-06 10:49:53","shipping_company_id":"3"}]
[09-Feb-2026 05:53:43 Europe/Berlin] Maintenance schedules fetched: [{"id":"10","type":"maintenance","startKd":"350","endKd":"400","startTime":"0000-00-00 00:00:00","endTime":"2026-02-09 22:52:00","keterangan":"perbaikan feeder"},{"id":"11","type":"maintenance","startKd":"350","endKd":"400","startTime":"0000-00-00 00:00:00","endTime":"2026-02-09 09:03:00","keterangan":"rtyui"},{"id":"7","type":"maintenance","startKd":"350","endKd":"400","startTime":"2026-02-06 08:47:00","endTime":"2026-02-07 09:48:00","keterangan":"yy"},{"id":"8","type":"maintenance","startKd":"450","endKd":"500","startTime":"2026-02-06 11:38:00","endTime":"2026-02-07 14:41:00","keterangan":"thg"}]
[09-Feb-2026 05:53:43 Europe/Berlin] Rest schedules fetched: [{"id":"4","startTime":"2026-02-06 11:17:00","endTime":"2026-02-06 12:19:00","keterangan":"sg"}]
[09-Feb-2026 06:01:35 Europe/Berlin] Payload mentah: {
    "berthSide":  "P",
    "etaTime":  "2026-02-10T08:00",
    "nKd":  480,
    "qccName":  "QCC01",
    "company":  "MERATUS",
    "startTime":  "2026-02-10T09:00",
    "endTime":  "2026-02-10T21:00",
    "length":  100,
    "destPort":  "JAKARTA",
    "etcTime":  "2026-02-10T20:00",
    "dischargeValue":  200,
    "minKd":  380,
    "shipName":  "TESTSHIP3",
    "bsh":  35,
    "code":  "TEST003",
    "startKd":  400,
    "draft":  5.5,
    "loadValue":  300,
    "status":  "VESSEL ALONGSIDE"
}
[09-Feb-2026 06:01:35 Europe/Berlin] Shipping company ditemukan: ID = 3
[09-Feb-2026 06:01:35 Europe/Berlin] Available QCC names: ["QCC01","QCC02","QCC03","QCC04"]
[09-Feb-2026 06:01:35 Europe/Berlin] PHP Warning:  Undefined variable $berthLocation in C:\Users\HP\Documents\ba_map_app\save_ship.php on line 108
[09-Feb-2026 06:01:35 Europe/Berlin] Type casting done. length=100(int), draft=5.5(float)
[09-Feb-2026 06:01:35 Europe/Berlin] Data berhasil disimpan ke database
[09-Feb-2026 06:01:35 Europe/Berlin] Data diterima: {"berthSide":"P","etaTime":"2026-02-10T08:00","nKd":480,"qccName":"QCC01","company":"MERATUS","startTime":"2026-02-10T09:00","endTime":"2026-02-10T21:00","length":100,"destPort":"JAKARTA","etcTime":"2026-02-10T20:00","dischargeValue":200,"minKd":380,"shipName":"TESTSHIP3","bsh":35,"code":"TEST003","startKd":400,"draft":5.5,"loadValue":300,"status":"VESSEL ALONGSIDE"}
[09-Feb-2026 06:02:06 Europe/Berlin] Fetching data from database...
[09-Feb-2026 06:02:06 Europe/Berlin] Ship schedules fetched: [{"id":"8","company":"MERATUS","shipName":"ghjj","code":"srer","length":"100","draft":"5.6","destPort":"sub","startKd":null,"nKd":"560","minKd":"450","mean":null,"loadValue":"400","dischargeValue":"500","etaTime":"0000-00-00 00:00:00","startTime":"2026-02-07 12:51:00","etcTime":"2026-02-08 13:52:00","endTime":"2026-02-09 15:54:00","status":"VESSEL ALONGSIDE","berthSide":"P","bsh":"40","qccName":"0","created_at":"2026-02-06 10:49:53","shipping_company_id":"3"},{"id":"10","company":"MERATUS","shipName":"TESTSHIP3","code":"TEST003","length":"100","draft":"5.5","destPort":"JAKARTA","startKd":"400","nKd":"480","minKd":"380","mean":null,"loadValue":"300","dischargeValue":"200","etaTime":"2026-02-10 08:00:00","startTime":"2026-02-10 09:00:00","etcTime":"2026-02-10 20:00:00","endTime":"2026-02-10 21:00:00","status":"VESSEL ALONGSIDE","berthSide":"P","bsh":"35","qccName":"QCC01","created_at":"2026-02-09 12:01:35","shipping_company_id":"3"}]
[09-Feb-2026 06:02:06 Europe/Berlin] Maintenance schedules fetched: [{"id":"10","type":"maintenance","startKd":"350","endKd":"400","startTime":"0000-00-00 00:00:00","endTime":"2026-02-09 22:52:00","keterangan":"perbaikan feeder"},{"id":"11","type":"maintenance","startKd":"350","endKd":"400","startTime":"0000-00-00 00:00:00","endTime":"2026-02-09 09:03:00","keterangan":"rtyui"},{"id":"7","type":"maintenance","startKd":"350","endKd":"400","startTime":"2026-02-06 08:47:00","endTime":"2026-02-07 09:48:00","keterangan":"yy"},{"id":"8","type":"maintenance","startKd":"450","endKd":"500","startTime":"2026-02-06 11:38:00","endTime":"2026-02-07 14:41:00","keterangan":"thg"}]
[09-Feb-2026 06:02:06 Europe/Berlin] Rest schedules fetched: [{"id":"4","startTime":"2026-02-06 11:17:00","endTime":"2026-02-06 12:19:00","keterangan":"sg"}]
[09-Feb-2026 06:02:50 Europe/Berlin] Fetching data from database...
[09-Feb-2026 06:02:50 Europe/Berlin] Ship schedules fetched: [{"id":"8","company":"MERATUS","shipName":"ghjj","code":"srer","length":"100","draft":"5.6","destPort":"sub","startKd":null,"nKd":"560","minKd":"450","mean":null,"loadValue":"400","dischargeValue":"500","etaTime":"0000-00-00 00:00:00","startTime":"2026-02-07 12:51:00","etcTime":"2026-02-08 13:52:00","endTime":"2026-02-09 15:54:00","status":"VESSEL ALONGSIDE","berthSide":"P","bsh":"40","qccName":"0","created_at":"2026-02-06 10:49:53","shipping_company_id":"3"},{"id":"10","company":"MERATUS","shipName":"TESTSHIP3","code":"TEST003","length":"100","draft":"5.5","destPort":"JAKARTA","startKd":"400","nKd":"480","minKd":"380","mean":null,"loadValue":"300","dischargeValue":"200","etaTime":"2026-02-10 08:00:00","startTime":"2026-02-10 09:00:00","etcTime":"2026-02-10 20:00:00","endTime":"2026-02-10 21:00:00","status":"VESSEL ALONGSIDE","berthSide":"P","bsh":"35","qccName":"QCC01","created_at":"2026-02-09 12:01:35","shipping_company_id":"3"}]
[09-Feb-2026 06:02:50 Europe/Berlin] Maintenance schedules fetched: [{"id":"10","type":"maintenance","startKd":"350","endKd":"400","startTime":"0000-00-00 00:00:00","endTime":"2026-02-09 22:52:00","keterangan":"perbaikan feeder"},{"id":"11","type":"maintenance","startKd":"350","endKd":"400","startTime":"0000-00-00 00:00:00","endTime":"2026-02-09 09:03:00","keterangan":"rtyui"},{"id":"7","type":"maintenance","startKd":"350","endKd":"400","startTime":"2026-02-06 08:47:00","endTime":"2026-02-07 09:48:00","keterangan":"yy"},{"id":"8","type":"maintenance","startKd":"450","endKd":"500","startTime":"2026-02-06 11:38:00","endTime":"2026-02-07 14:41:00","keterangan":"thg"}]
[09-Feb-2026 06:02:50 Europe/Berlin] Rest schedules fetched: [{"id":"4","startTime":"2026-02-06 11:17:00","endTime":"2026-02-06 12:19:00","keterangan":"sg"}]
[09-Feb-2026 06:03:07 Europe/Berlin] Payload mentah: {"company":"TANTO","shipName":"mbtg","code":"MKT/221/25/ON","length":100,"draft":5.6,"destPort":"sub","startKd":450,"nKd":500,"minKd":450,"bsh":40,"etaTime":"2026-02-09T11:41","startTime":"2026-02-09T12:41","etcTime":"2026-02-09T22:41","endTime":"2026-02-09T23:41","dischargeValue":500,"loadValue":500,"status":"VESSEL ALONGSIDE","berthSide":"P","qcc-options":"QCC03","qccName":"QCC02 & QCC03"}
[09-Feb-2026 06:03:07 Europe/Berlin] Shipping company ditemukan: ID = 4
[09-Feb-2026 06:03:07 Europe/Berlin] Available QCC names: ["QCC01","QCC02","QCC03","QCC04"]
[09-Feb-2026 06:03:07 Europe/Berlin] PHP Warning:  Undefined variable $berthLocation in C:\Users\HP\Documents\ba_map_app\save_ship.php on line 108
[09-Feb-2026 06:03:07 Europe/Berlin] Type casting done. length=100(int), draft=5.6(float)
[09-Feb-2026 06:03:07 Europe/Berlin] Data berhasil disimpan ke database
[09-Feb-2026 06:03:07 Europe/Berlin] Data diterima: {"company":"TANTO","shipName":"mbtg","code":"MKT\/221\/25\/ON","length":100,"draft":5.6,"destPort":"sub","startKd":450,"nKd":500,"minKd":450,"bsh":40,"etaTime":"2026-02-09T11:41","startTime":"2026-02-09T12:41","etcTime":"2026-02-09T22:41","endTime":"2026-02-09T23:41","dischargeValue":500,"loadValue":500,"status":"VESSEL ALONGSIDE","berthSide":"P","qcc-options":"QCC03","qccName":"QCC02 & QCC03"}
[09-Feb-2026 06:04:46 Europe/Berlin] Fetching data from database...
[09-Feb-2026 06:04:46 Europe/Berlin] Ship schedules fetched: [{"id":"8","company":"MERATUS","shipName":"ghjj","code":"srer","length":"100","draft":"5.6","destPort":"sub","startKd":null,"nKd":"560","minKd":"450","mean":null,"loadValue":"400","dischargeValue":"500","etaTime":"0000-00-00 00:00:00","startTime":"2026-02-07 12:51:00","etcTime":"2026-02-08 13:52:00","endTime":"2026-02-09 15:54:00","status":"VESSEL ALONGSIDE","berthSide":"P","bsh":"40","qccName":"0","created_at":"2026-02-06 10:49:53","shipping_company_id":"3"},{"id":"11","company":"TANTO","shipName":"mbtg","code":"MKT\/221\/25\/ON","length":"100","draft":"5.6","destPort":"sub","startKd":"450","nKd":"500","minKd":"450","mean":null,"loadValue":"500","dischargeValue":"500","etaTime":"2026-02-09 11:41:00","startTime":"2026-02-09 12:41:00","etcTime":"2026-02-09 22:41:00","endTime":"2026-02-09 23:41:00","status":"VESSEL ALONGSIDE","berthSide":"P","bsh":"40","qccName":"QCC02 & QCC03","created_at":"2026-02-09 12:03:07","shipping_company_id":"4"},{"id":"10","company":"MERATUS","shipName":"TESTSHIP3","code":"TEST003","length":"100","draft":"5.5","destPort":"JAKARTA","startKd":"400","nKd":"480","minKd":"380","mean":null,"loadValue":"300","dischargeValue":"200","etaTime":"2026-02-10 08:00:00","startTime":"2026-02-10 09:00:00","etcTime":"2026-02-10 20:00:00","endTime":"2026-02-10 21:00:00","status":"VESSEL ALONGSIDE","berthSide":"P","bsh":"35","qccName":"QCC01","created_at":"2026-02-09 12:01:35","shipping_company_id":"3"}]
[09-Feb-2026 06:04:46 Europe/Berlin] Maintenance schedules fetched: [{"id":"10","type":"maintenance","startKd":"350","endKd":"400","startTime":"0000-00-00 00:00:00","endTime":"2026-02-09 22:52:00","keterangan":"perbaikan feeder"},{"id":"11","type":"maintenance","startKd":"350","endKd":"400","startTime":"0000-00-00 00:00:00","endTime":"2026-02-09 09:03:00","keterangan":"rtyui"},{"id":"7","type":"maintenance","startKd":"350","endKd":"400","startTime":"2026-02-06 08:47:00","endTime":"2026-02-07 09:48:00","keterangan":"yy"},{"id":"8","type":"maintenance","startKd":"450","endKd":"500","startTime":"2026-02-06 11:38:00","endTime":"2026-02-07 14:41:00","keterangan":"thg"}]
[09-Feb-2026 06:04:46 Europe/Berlin] Rest schedules fetched: [{"id":"4","startTime":"2026-02-06 11:17:00","endTime":"2026-02-06 12:19:00","keterangan":"sg"}]
[09-Feb-2026 06:07:54 Europe/Berlin] Shipping company ditemukan: ID = 3
[09-Feb-2026 06:07:54 Europe/Berlin] Type casting done. length=100(int), draft=5.5(float)
[09-Feb-2026 06:07:54 Europe/Berlin] Binding parameters. Type string: sssidsiiiiissssssisii
[09-Feb-2026 06:07:54 Europe/Berlin] Update successful for ID: 10
[09-Feb-2026 06:08:06 Europe/Berlin] Received parameters: ID = 10, Type = ship
[09-Feb-2026 06:08:06 Europe/Berlin] Output buffering level: 1
[09-Feb-2026 06:08:06 Europe/Berlin] Headers sent: No
[09-Feb-2026 06:08:06 Europe/Berlin] Executing query: DELETE FROM ship_schedules WHERE id = 10
[09-Feb-2026 06:08:06 Europe/Berlin] Data successfully deleted from table: ship_schedules, ID: 10
[09-Feb-2026 06:08:15 Europe/Berlin] Fetching data from database...
[09-Feb-2026 06:08:15 Europe/Berlin] Ship schedules fetched: [{"id":"8","company":"MERATUS","shipName":"ghjj","code":"srer","length":"100","draft":"5.6","destPort":"sub","startKd":null,"nKd":"560","minKd":"450","mean":null,"loadValue":"400","dischargeValue":"500","etaTime":"0000-00-00 00:00:00","startTime":"2026-02-07 12:51:00","etcTime":"2026-02-08 13:52:00","endTime":"2026-02-09 15:54:00","status":"VESSEL ALONGSIDE","berthSide":"P","bsh":"40","qccName":"0","created_at":"2026-02-06 10:49:53","shipping_company_id":"3"},{"id":"11","company":"TANTO","shipName":"mbtg","code":"MKT\/221\/25\/ON","length":"100","draft":"5.6","destPort":"sub","startKd":"450","nKd":"500","minKd":"450","mean":null,"loadValue":"500","dischargeValue":"500","etaTime":"2026-02-09 11:41:00","startTime":"2026-02-09 12:41:00","etcTime":"2026-02-09 22:41:00","endTime":"2026-02-09 23:41:00","status":"VESSEL ALONGSIDE","berthSide":"P","bsh":"40","qccName":"QCC02 & QCC03","created_at":"2026-02-09 12:03:07","shipping_company_id":"4"}]
[09-Feb-2026 06:08:15 Europe/Berlin] Maintenance schedules fetched: [{"id":"10","type":"maintenance","startKd":"350","endKd":"400","startTime":"0000-00-00 00:00:00","endTime":"2026-02-09 22:52:00","keterangan":"perbaikan feeder"},{"id":"11","type":"maintenance","startKd":"350","endKd":"400","startTime":"0000-00-00 00:00:00","endTime":"2026-02-09 09:03:00","keterangan":"rtyui"},{"id":"7","type":"maintenance","startKd":"350","endKd":"400","startTime":"2026-02-06 08:47:00","endTime":"2026-02-07 09:48:00","keterangan":"yy"},{"id":"8","type":"maintenance","startKd":"450","endKd":"500","startTime":"2026-02-06 11:38:00","endTime":"2026-02-07 14:41:00","keterangan":"thg"}]
[09-Feb-2026 06:08:15 Europe/Berlin] Rest schedules fetched: [{"id":"4","startTime":"2026-02-06 11:17:00","endTime":"2026-02-06 12:19:00","keterangan":"sg"}]
[09-Feb-2026 06:11:27 Europe/Berlin] Data diterima: {"type":"maintenance","startKd":350,"endKd":400,"startTime":"2026-02-09T12:11","endTime":"2026-02-09T13:12","keterangan":"perbaikan feeder"}
[09-Feb-2026 06:11:27 Europe/Berlin] Data berhasil disimpan ke maintenance_schedules. ID: 12
[09-Feb-2026 06:11:54 Europe/Berlin] Input data: {"startTime":"2026-02-09T12:11","endTime":"2026-02-09T14:13","keterangan":"istirahat shift"}
[09-Feb-2026 06:11:54 Europe/Berlin] INSERT executed successfully. New rest schedule ID: 7
[09-Feb-2026 06:12:08 Europe/Berlin] Input data: {"startTime":"2026-02-09T12:11","endTime":"2026-02-09T14:13","keterangan":"istirahat shift 1"}
[09-Feb-2026 06:12:08 Europe/Berlin] INSERT executed successfully. New rest schedule ID: 8
[09-Feb-2026 06:12:15 Europe/Berlin] Received parameters: ID = 0, Type = rest
[09-Feb-2026 06:12:15 Europe/Berlin] Output buffering level: 1
[09-Feb-2026 06:12:15 Europe/Berlin] Headers sent: No
[09-Feb-2026 06:12:15 Europe/Berlin] Invalid parameters: ID = 0, Type = rest
[09-Feb-2026 06:12:23 Europe/Berlin] Data diterima: {"type":"maintenance","startKd":350,"endKd":400,"startTime":"2026-02-09T12:11","endTime":"2026-02-09T13:12","keterangan":"perbaikan "}
[09-Feb-2026 06:12:23 Europe/Berlin] Data berhasil disimpan ke maintenance_schedules. ID: 13
[09-Feb-2026 06:12:32 Europe/Berlin] Received parameters: ID = 0, Type = maintenance
[09-Feb-2026 06:12:32 Europe/Berlin] Output buffering level: 1
[09-Feb-2026 06:12:32 Europe/Berlin] Headers sent: No
[09-Feb-2026 06:12:32 Europe/Berlin] Invalid parameters: ID = 0, Type = maintenance
[09-Feb-2026 07:46:14 Europe/Berlin] Fetching data from database...
[09-Feb-2026 07:46:14 Europe/Berlin] Ship schedules fetched: [{"id":"8","company":"MERATUS","shipName":"ghjj","code":"srer","length":"100","draft":"5.6","destPort":"sub","startKd":null,"nKd":"560","minKd":"450","mean":null,"loadValue":"400","dischargeValue":"500","etaTime":"0000-00-00 00:00:00","startTime":"2026-02-07 12:51:00","etcTime":"2026-02-08 13:52:00","endTime":"2026-02-09 15:54:00","status":"VESSEL ALONGSIDE","berthSide":"P","bsh":"40","qccName":"0","created_at":"2026-02-06 10:49:53","shipping_company_id":"3"},{"id":"11","company":"TANTO","shipName":"mbtg","code":"MKT\/221\/25\/ON","length":"100","draft":"5.6","destPort":"sub","startKd":"450","nKd":"500","minKd":"450","mean":null,"loadValue":"500","dischargeValue":"500","etaTime":"2026-02-09 11:41:00","startTime":"2026-02-09 12:41:00","etcTime":"2026-02-09 22:41:00","endTime":"2026-02-09 23:41:00","status":"VESSEL ALONGSIDE","berthSide":"P","bsh":"40","qccName":"QCC02 & QCC03","created_at":"2026-02-09 12:03:07","shipping_company_id":"4"}]
[09-Feb-2026 07:46:14 Europe/Berlin] Maintenance schedules fetched: [{"id":"10","type":"maintenance","startKd":"350","endKd":"400","startTime":"0000-00-00 00:00:00","endTime":"2026-02-09 22:52:00","keterangan":"perbaikan feeder"},{"id":"11","type":"maintenance","startKd":"350","endKd":"400","startTime":"0000-00-00 00:00:00","endTime":"2026-02-09 09:03:00","keterangan":"rtyui"},{"id":"12","type":"maintenance","startKd":"350","endKd":"400","startTime":"0000-00-00 00:00:00","endTime":"2026-02-09 13:12:00","keterangan":"perbaikan feeder"},{"id":"13","type":"maintenance","startKd":"350","endKd":"400","startTime":"0000-00-00 00:00:00","endTime":"2026-02-09 13:12:00","keterangan":"perbaikan "},{"id":"7","type":"maintenance","startKd":"350","endKd":"400","startTime":"2026-02-06 08:47:00","endTime":"2026-02-07 09:48:00","keterangan":"yy"},{"id":"8","type":"maintenance","startKd":"450","endKd":"500","startTime":"2026-02-06 11:38:00","endTime":"2026-02-07 14:41:00","keterangan":"thg"}]
[09-Feb-2026 07:46:14 Europe/Berlin] Rest schedules fetched: [{"id":"4","startTime":"2026-02-06 11:17:00","endTime":"2026-02-06 12:19:00","keterangan":"sg"},{"id":"7","startTime":"2026-02-09 12:11:00","endTime":"2026-02-09 14:13:00","keterangan":"istirahat shift"},{"id":"8","startTime":"2026-02-09 12:11:00","endTime":"2026-02-09 14:13:00","keterangan":"istirahat shift 1"}]
[09-Feb-2026 07:54:02 Europe/Berlin] Fetching data from database...
[09-Feb-2026 07:54:02 Europe/Berlin] Ship schedules fetched: [{"id":"8","company":"MERATUS","shipName":"ghjj","code":"srer","length":"100","draft":"5.6","destPort":"sub","startKd":null,"nKd":"560","minKd":"450","mean":null,"loadValue":"400","dischargeValue":"500","etaTime":"0000-00-00 00:00:00","startTime":"2026-02-07 12:51:00","etcTime":"2026-02-08 13:52:00","endTime":"2026-02-09 15:54:00","status":"VESSEL ALONGSIDE","berthSide":"P","bsh":"40","qccName":"0","created_at":"2026-02-06 10:49:53","shipping_company_id":"3"},{"id":"11","company":"TANTO","shipName":"mbtg","code":"MKT\/221\/25\/ON","length":"100","draft":"5.6","destPort":"sub","startKd":"450","nKd":"500","minKd":"450","mean":null,"loadValue":"500","dischargeValue":"500","etaTime":"2026-02-09 11:41:00","startTime":"2026-02-09 12:41:00","etcTime":"2026-02-09 22:41:00","endTime":"2026-02-09 23:41:00","status":"VESSEL ALONGSIDE","berthSide":"P","bsh":"40","qccName":"QCC02 & QCC03","created_at":"2026-02-09 12:03:07","shipping_company_id":"4"}]
[09-Feb-2026 07:54:02 Europe/Berlin] Maintenance schedules fetched: [{"id":"10","type":"maintenance","startKd":"350","endKd":"400","startTime":"0000-00-00 00:00:00","endTime":"2026-02-09 22:52:00","keterangan":"perbaikan feeder"},{"id":"11","type":"maintenance","startKd":"350","endKd":"400","startTime":"0000-00-00 00:00:00","endTime":"2026-02-09 09:03:00","keterangan":"rtyui"},{"id":"12","type":"maintenance","startKd":"350","endKd":"400","startTime":"0000-00-00 00:00:00","endTime":"2026-02-09 13:12:00","keterangan":"perbaikan feeder"},{"id":"13","type":"maintenance","startKd":"350","endKd":"400","startTime":"0000-00-00 00:00:00","endTime":"2026-02-09 13:12:00","keterangan":"perbaikan "},{"id":"7","type":"maintenance","startKd":"350","endKd":"400","startTime":"2026-02-06 08:47:00","endTime":"2026-02-07 09:48:00","keterangan":"yy"},{"id":"8","type":"maintenance","startKd":"450","endKd":"500","startTime":"2026-02-06 11:38:00","endTime":"2026-02-07 14:41:00","keterangan":"thg"}]
[09-Feb-2026 07:54:02 Europe/Berlin] Rest schedules fetched: [{"id":"4","startTime":"2026-02-06 11:17:00","endTime":"2026-02-06 12:19:00","keterangan":"sg"},{"id":"7","startTime":"2026-02-09 12:11:00","endTime":"2026-02-09 14:13:00","keterangan":"istirahat shift"},{"id":"8","startTime":"2026-02-09 12:11:00","endTime":"2026-02-09 14:13:00","keterangan":"istirahat shift 1"}]
[09-Feb-2026 08:13:44 Europe/Berlin] Fetching data from database...
[09-Feb-2026 08:13:44 Europe/Berlin] Ship schedules fetched: [{"id":"8","company":"MERATUS","shipName":"ghjj","code":"srer","length":"100","draft":"5.6","destPort":"sub","startKd":null,"nKd":"560","minKd":"450","mean":null,"loadValue":"400","dischargeValue":"500","etaTime":"0000-00-00 00:00:00","startTime":"2026-02-07 12:51:00","etcTime":"2026-02-08 13:52:00","endTime":"2026-02-09 15:54:00","status":"VESSEL ALONGSIDE","berthSide":"P","bsh":"40","qccName":"0","created_at":"2026-02-06 10:49:53","shipping_company_id":"3"},{"id":"11","company":"TANTO","shipName":"mbtg","code":"MKT\/221\/25\/ON","length":"100","draft":"5.6","destPort":"sub","startKd":"450","nKd":"500","minKd":"450","mean":null,"loadValue":"500","dischargeValue":"500","etaTime":"2026-02-09 11:41:00","startTime":"2026-02-09 12:41:00","etcTime":"2026-02-09 22:41:00","endTime":"2026-02-09 23:41:00","status":"VESSEL ALONGSIDE","berthSide":"P","bsh":"40","qccName":"QCC02 & QCC03","created_at":"2026-02-09 12:03:07","shipping_company_id":"4"}]
[09-Feb-2026 08:13:44 Europe/Berlin] Maintenance schedules fetched: [{"id":"10","type":"maintenance","startKd":"350","endKd":"400","startTime":"0000-00-00 00:00:00","endTime":"2026-02-09 22:52:00","keterangan":"perbaikan feeder"},{"id":"11","type":"maintenance","startKd":"350","endKd":"400","startTime":"0000-00-00 00:00:00","endTime":"2026-02-09 09:03:00","keterangan":"rtyui"},{"id":"12","type":"maintenance","startKd":"350","endKd":"400","startTime":"0000-00-00 00:00:00","endTime":"2026-02-09 13:12:00","keterangan":"perbaikan feeder"},{"id":"13","type":"maintenance","startKd":"350","endKd":"400","startTime":"0000-00-00 00:00:00","endTime":"2026-02-09 13:12:00","keterangan":"perbaikan "},{"id":"7","type":"maintenance","startKd":"350","endKd":"400","startTime":"2026-02-06 08:47:00","endTime":"2026-02-07 09:48:00","keterangan":"yy"},{"id":"8","type":"maintenance","startKd":"450","endKd":"500","startTime":"2026-02-06 11:38:00","endTime":"2026-02-07 14:41:00","keterangan":"thg"}]
[09-Feb-2026 08:13:44 Europe/Berlin] Rest schedules fetched: [{"id":"4","startTime":"2026-02-06 11:17:00","endTime":"2026-02-06 12:19:00","keterangan":"sg"},{"id":"7","startTime":"2026-02-09 12:11:00","endTime":"2026-02-09 14:13:00","keterangan":"istirahat shift"},{"id":"8","startTime":"2026-02-09 12:11:00","endTime":"2026-02-09 14:13:00","keterangan":"istirahat shift 1"}]
